16:06:36.296[main]TRACEorg.apache.xmlbeans.impl.common.XBeanDebug-Resolving type for handle ctfills2c6ftype
16:06:36.376[main]TRACEorg.apache.xmlbeans.impl.common.XBeanDebug-Resolving type for handle ctfill550ctype
16:06:37.361[main]TRACEorg.apache.xmlbeans.impl.common.XBeanDebug-Resolving type for handle ctborders0d66type
16:06:37.896[main]TRACEorg.apache.xmlbeans.impl.common.XBeanDebug-Resolving type for handle ctborderf935type
16:06:38.076[main]TRACEorg.apache.xmlbeans.impl.common.XBeanDebug-Resolving type for handle ctcellxfs1322type
16:06:38.417[main]TRACEorg.apache.xmlbeans.impl.common.XBeanDebug-Resolving type for handle ctxf97f7type
16:06:38.707[main]TRACEorg.apache.xmlbeans.impl.common.XBeanDebug-Resolving type for handle ctcellstylexfsa81ftype
16:06:38.955[main]TRACEorg.apache.xmlbeans.impl.common.XBeanDebug-Resolving type for handle ctdxfsb26atype
16:06:39.104[main]TRACEorg.apache.xmlbeans.impl.common.XBeanDebug-Resolving type for handle cttablestyles872ftype
16:06:39.243[main]TRACEorg.apache.xmlbeans.impl.common.XBeanDebug-Resolving type for handle sstf81fdoctype
16:06:39.454[main]TRACEorg.apache.xmlbeans.impl.common.XBeanDebug-Resolving type for handle ctsst44f3type
16:06:39.678[main]TRACEorg.apache.xmlbeans.impl.common.XBeanDebug-Resolving type for handle ctrsta472type
16:06:39.887[main]TRACEorg.apache.xmlbeans.impl.common.XBeanDebug-Resolving type for handle workbookec17doctype
16:06:40.055[main]TRACEorg.apache.xmlbeans.impl.common.XBeanDebug-Resolving type for handle ctworkbook83c3type
16:06:40.288[main]TRACEorg.apache.xmlbeans.impl.common.XBeanDebug-Resolving type for handle ctsheets49fdtype
16:06:40.354[main]TRACEorg.apache.xmlbeans.impl.common.XBeanDebug-Resolving type for handle ctsheet4dbetype
16:06:40.408[main]TRACEorg.apache.xmlbeans.impl.common.XBeanDebug-Resolving type for handle strelationshipid1e94type
16:06:40.561[main]TRACEorg.apache.xmlbeans.impl.common.XBeanDebug-Resolving type for handle worksheetf539doctype
16:06:40.643[main]TRACEorg.apache.xmlbeans.impl.common.XBeanDebug-Resolving type for handle ctworksheet530dtype
16:06:40.681[main]TRACEorg.apache.xmlbeans.impl.common.XBeanDebug-Resolving type for handle ctsheetdata8408type
16:06:40.750[main]TRACEorg.apache.xmlbeans.impl.common.XBeanDebug-Resolving type for handle ctrowdd39type
16:06:40.843[main]TRACEorg.apache.xmlbeans.impl.common.XBeanDebug-Resolving type for handle ctcell842btype
16:06:40.888[main]TRACEorg.apache.xmlbeans.impl.common.XBeanDebug-Resolving type for handle stcellrefe4e0type
16:06:40.983[main]TRACEorg.apache.xmlbeans.impl.common.XBeanDebug-Resolving type for handle ctcols627ctype
16:06:41.060[main]TRACEorg.apache.xmlbeans.impl.common.XBeanDebug-Resolving type for handle ctcola95ftype
16:06:41.206[main]TRACEorg.apache.xmlbeans.impl.common.XBeanDebug-Resolving type for handle cthyperlinks6416type
16:06:41.223[main]TRACEorg.apache.xmlbeans.impl.common.XBeanDebug-Resolving type for handle cthyperlink0c85type
16:06:41.356[main]DEBUGorg.apache.poi.openxml4j.opc.PackageRelationshipCollection-Parsing relationship: /xl/_rels/workbook.xml.rels
16:06:41.360[main]DEBUGorg.apache.poi.openxml4j.opc.PackageRelationshipCollection-Parsing relationship: /xl/worksheets/_rels/sheet1.xml.rels
16:06:41.364[main]DEBUGorg.apache.poi.openxml4j.opc.PackageRelationshipCollection-Parsing relationship: /_rels/.rels
16:06:44.673[main]TRACEorg.apache.xmlbeans.impl.common.XBeanDebug-Resolving type for handle stxstringf179type
16:06:44.853[main]TRACEorg.apache.xmlbeans.impl.common.XBeanDebug-Resolving type for handle stcelltypebf95type
