20:24:58.711[main]TRACEio.netty.channel.nio.NioEventLoop-instrumented a special java.util.Set into: sun.nio.ch.WindowsSelectorImpl@249e0271
20:24:58.717[main]TRACEio.netty.channel.nio.NioEventLoop-instrumented a special java.util.Set into: sun.nio.ch.WindowsSelectorImpl@4893b344
20:24:58.719[main]TRACEio.netty.channel.nio.NioEventLoop-instrumented a special java.util.Set into: sun.nio.ch.WindowsSelectorImpl@53a665ad
20:24:58.722[main]TRACEio.netty.channel.nio.NioEventLoop-instrumented a special java.util.Set into: sun.nio.ch.WindowsSelectorImpl@2c0b4c83
20:24:58.773[main]DEBUGio.netty.buffer.PooledByteBufAllocator--Dio.netty.allocator.numHeapArenas: 8
20:24:58.774[main]DEBUGio.netty.buffer.PooledByteBufAllocator--Dio.netty.allocator.numDirectArenas: 8
20:24:58.774[main]DEBUGio.netty.buffer.PooledByteBufAllocator--Dio.netty.allocator.pageSize: 8192
20:24:58.774[main]DEBUGio.netty.buffer.PooledByteBufAllocator--Dio.netty.allocator.maxOrder: 9
20:24:58.774[main]DEBUGio.netty.buffer.PooledByteBufAllocator--Dio.netty.allocator.chunkSize: 4194304
20:24:58.774[main]DEBUGio.netty.buffer.PooledByteBufAllocator--Dio.netty.allocator.smallCacheSize: 256
20:24:58.774[main]DEBUGio.netty.buffer.PooledByteBufAllocator--Dio.netty.allocator.normalCacheSize: 64
20:24:58.775[main]DEBUGio.netty.buffer.PooledByteBufAllocator--Dio.netty.allocator.maxCachedBufferCapacity: 32768
20:24:58.775[main]DEBUGio.netty.buffer.PooledByteBufAllocator--Dio.netty.allocator.cacheTrimInterval: 8192
20:24:58.775[main]DEBUGio.netty.buffer.PooledByteBufAllocator--Dio.netty.allocator.cacheTrimIntervalMillis: 0
20:24:58.775[main]DEBUGio.netty.buffer.PooledByteBufAllocator--Dio.netty.allocator.useCacheForAllThreads: false
20:24:58.775[main]DEBUGio.netty.buffer.PooledByteBufAllocator--Dio.netty.allocator.maxCachedByteBuffersPerChunk: 1023
20:24:58.801[main]DEBUGio.netty.buffer.ByteBufUtil--Dio.netty.allocator.type: pooled
20:24:58.801[main]DEBUGio.netty.buffer.ByteBufUtil--Dio.netty.threadLocalDirectBufferSize: 0
20:24:58.801[main]DEBUGio.netty.buffer.ByteBufUtil--Dio.netty.maxThreadLocalCharBufferSize: 16384
20:24:59.947[Forwarding newSession on session null to remote]DEBUGio.netty.channel.DefaultChannelId--Dio.netty.processId: 472892 (auto-detected)
20:24:59.953[Forwarding newSession on session null to remote]DEBUGio.netty.util.NetUtil--Djava.net.preferIPv4Stack: false
20:24:59.953[Forwarding newSession on session null to remote]DEBUGio.netty.util.NetUtil--Djava.net.preferIPv6Addresses: false
20:25:00.260[Forwarding newSession on session null to remote]DEBUGio.netty.util.NetUtilInitializations-Loopback interface: lo (Software Loopback Interface 1, 127.0.0.1)
20:25:00.262[Forwarding newSession on session null to remote]DEBUGio.netty.util.NetUtil-Failed to get SOMAXCONN from sysctl and file \proc\sys\net\core\somaxconn. Default: 200
20:25:00.512[Forwarding newSession on session null to remote]DEBUGio.netty.channel.DefaultChannelId--Dio.netty.machineId: 60:d8:19:ff:fe:48:d7:8c (auto-detected)
20:25:00.756[AsyncHttpClient-1-2]DEBUGio.netty.buffer.AbstractByteBuf--Dio.netty.buffer.checkAccessible: true
20:25:00.756[AsyncHttpClient-1-2]DEBUGio.netty.buffer.AbstractByteBuf--Dio.netty.buffer.checkBounds: true
20:25:00.757[AsyncHttpClient-1-2]DEBUGio.netty.util.ResourceLeakDetectorFactory-Loaded default ResourceLeakDetector: io.netty.util.ResourceLeakDetector@70098dfb
20:25:00.862[AsyncHttpClient-1-2]DEBUGio.netty.util.Recycler--Dio.netty.recycler.maxCapacityPerThread: 4096
20:25:00.863[AsyncHttpClient-1-2]DEBUGio.netty.util.Recycler--Dio.netty.recycler.ratio: 8
20:25:00.863[AsyncHttpClient-1-2]DEBUGio.netty.util.Recycler--Dio.netty.recycler.chunkSize: 32
20:25:00.863[AsyncHttpClient-1-2]DEBUGio.netty.util.Recycler--Dio.netty.recycler.blocking: false
20:25:03.896[AsyncHttpClient-1-2]DEBUGio.netty.handler.codec.compression.Brotli-brotli4j not in the classpath; Brotli support will be unavailable.
20:25:07.941[main]DEBUGio.netty.util.internal.ThreadLocalRandom--Dio.netty.initialSeedUniquifier: 0xc8ac4bd2d205b423
20:25:17.306[main]DEBUGorg.apache.poi.openxml4j.opc.PackageRelationshipCollection-Parsing relationship: /xl/_rels/workbook.xml.rels
20:25:17.312[main]DEBUGorg.apache.poi.openxml4j.opc.PackageRelationshipCollection-Parsing relationship: /xl/worksheets/_rels/sheet1.xml.rels
20:25:17.314[main]DEBUGorg.apache.poi.openxml4j.opc.PackageRelationshipCollection-Parsing relationship: /_rels/.rels
20:25:19.945[main]TRACEorg.apache.xmlbeans.impl.common.XBeanDebug-Loading type system org.apache.poi.schemas.ooxml.system.ooxml
20:25:19.977[main]TRACEorg.apache.xmlbeans.impl.common.XBeanDebug-Loading type system org.apache.xmlbeans.metadata.system.sXMLCONFIG
20:25:19.979[main]TRACEorg.apache.xmlbeans.impl.common.XBeanDebug-Loading type system org.apache.xmlbeans.metadata.system.sXMLLANG
20:25:19.981[main]TRACEorg.apache.xmlbeans.impl.common.XBeanDebug-Loading type system org.apache.xmlbeans.metadata.system.sXMLSCHEMA
20:25:20.066[main]TRACEorg.apache.xmlbeans.impl.common.XBeanDebug-Loading type system org.apache.xmlbeans.metadata.system.sXMLTOOLS
20:25:20.072[main]TRACEorg.apache.xmlbeans.impl.common.XBeanDebug-Reading unresolved handles for type system org.apache.xmlbeans.metadata.system.sXMLTOOLS
20:25:20.160[main]TRACEorg.apache.xmlbeans.impl.common.XBeanDebug-Finished loading type system org.apache.xmlbeans.metadata.system.sXMLTOOLS
20:25:20.162[main]TRACEorg.apache.xmlbeans.impl.common.XBeanDebug-Reading unresolved handles for type system org.apache.xmlbeans.metadata.system.sXMLSCHEMA
20:25:20.175[main]TRACEorg.apache.xmlbeans.impl.common.XBeanDebug-Finished loading type system org.apache.xmlbeans.metadata.system.sXMLSCHEMA
20:25:20.177[main]TRACEorg.apache.xmlbeans.impl.common.XBeanDebug-Reading unresolved handles for type system org.apache.xmlbeans.metadata.system.sXMLLANG
20:25:20.180[main]TRACEorg.apache.xmlbeans.impl.common.XBeanDebug-Finished loading type system org.apache.xmlbeans.metadata.system.sXMLLANG
20:25:20.182[main]TRACEorg.apache.xmlbeans.impl.common.XBeanDebug-Reading unresolved handles for type system org.apache.xmlbeans.metadata.system.sXMLCONFIG
20:25:20.184[main]TRACEorg.apache.xmlbeans.impl.common.XBeanDebug-Finished loading type system org.apache.xmlbeans.metadata.system.sXMLCONFIG
20:25:20.186[main]TRACEorg.apache.xmlbeans.impl.common.XBeanDebug-Reading unresolved handles for type system org.apache.poi.schemas.ooxml.system.ooxml
20:25:20.321[main]TRACEorg.apache.xmlbeans.impl.common.XBeanDebug-Finished loading type system org.apache.poi.schemas.ooxml.system.ooxml
20:25:20.323[main]TRACEorg.apache.xmlbeans.impl.common.XBeanDebug-Resolving type for handle themefd26doctype
20:25:20.911[main]TRACEorg.apache.xmlbeans.impl.common.XBeanDebug-Resolving type for handle stylesheet5d8bdoctype
20:25:20.979[main]TRACEorg.apache.xmlbeans.impl.common.XBeanDebug-Resolving type for handle ctstylesheet4257type
20:25:21.079[main]TRACEorg.apache.xmlbeans.impl.common.XBeanDebug-Resolving type for handle ctfonts6623type
20:25:21.240[main]TRACEorg.apache.xmlbeans.impl.common.XBeanDebug-Resolving type for handle ctfont14d8type
20:25:21.361[main]TRACEorg.apache.xmlbeans.impl.common.XBeanDebug-Resolving type for handle ctfills2c6ftype
20:25:21.381[main]TRACEorg.apache.xmlbeans.impl.common.XBeanDebug-Resolving type for handle ctfill550ctype
20:25:21.406[main]TRACEorg.apache.xmlbeans.impl.common.XBeanDebug-Resolving type for handle ctborders0d66type
20:25:21.450[main]TRACEorg.apache.xmlbeans.impl.common.XBeanDebug-Resolving type for handle ctborderf935type
20:25:21.498[main]TRACEorg.apache.xmlbeans.impl.common.XBeanDebug-Resolving type for handle ctcellxfs1322type
20:25:21.550[main]TRACEorg.apache.xmlbeans.impl.common.XBeanDebug-Resolving type for handle ctxf97f7type
20:25:21.579[main]TRACEorg.apache.xmlbeans.impl.common.XBeanDebug-Resolving type for handle ctcellstylexfsa81ftype
20:25:21.643[main]TRACEorg.apache.xmlbeans.impl.common.XBeanDebug-Resolving type for handle ctdxfsb26atype
20:25:21.699[main]TRACEorg.apache.xmlbeans.impl.common.XBeanDebug-Resolving type for handle cttablestyles872ftype
20:25:21.739[main]TRACEorg.apache.xmlbeans.impl.common.XBeanDebug-Resolving type for handle sstf81fdoctype
20:25:21.759[main]TRACEorg.apache.xmlbeans.impl.common.XBeanDebug-Resolving type for handle ctsst44f3type
20:25:21.855[main]TRACEorg.apache.xmlbeans.impl.common.XBeanDebug-Resolving type for handle ctrsta472type
20:25:21.919[main]TRACEorg.apache.xmlbeans.impl.common.XBeanDebug-Resolving type for handle workbookec17doctype
20:25:21.930[main]TRACEorg.apache.xmlbeans.impl.common.XBeanDebug-Resolving type for handle ctworkbook83c3type
20:25:21.999[main]TRACEorg.apache.xmlbeans.impl.common.XBeanDebug-Resolving type for handle ctsheets49fdtype
20:25:22.033[main]TRACEorg.apache.xmlbeans.impl.common.XBeanDebug-Resolving type for handle ctsheet4dbetype
20:25:22.188[main]TRACEorg.apache.xmlbeans.impl.common.XBeanDebug-Resolving type for handle strelationshipid1e94type
20:25:22.239[main]TRACEorg.apache.xmlbeans.impl.common.XBeanDebug-Resolving type for handle worksheetf539doctype
20:25:22.269[main]TRACEorg.apache.xmlbeans.impl.common.XBeanDebug-Resolving type for handle ctworksheet530dtype
20:25:22.346[main]TRACEorg.apache.xmlbeans.impl.common.XBeanDebug-Resolving type for handle ctsheetdata8408type
20:25:22.416[main]TRACEorg.apache.xmlbeans.impl.common.XBeanDebug-Resolving type for handle ctrowdd39type
20:25:22.463[main]TRACEorg.apache.xmlbeans.impl.common.XBeanDebug-Resolving type for handle ctcell842btype
20:25:22.499[main]TRACEorg.apache.xmlbeans.impl.common.XBeanDebug-Resolving type for handle stcellrefe4e0type
20:25:22.661[main]TRACEorg.apache.xmlbeans.impl.common.XBeanDebug-Resolving type for handle ctcols627ctype
20:25:22.761[main]TRACEorg.apache.xmlbeans.impl.common.XBeanDebug-Resolving type for handle ctcola95ftype
20:25:22.884[main]TRACEorg.apache.xmlbeans.impl.common.XBeanDebug-Resolving type for handle cthyperlinks6416type
