10:54:31.061[main]TRACEio.netty.channel.nio.NioEventLoop-instrumented a special java.util.Set into: sun.nio.ch.WindowsSelectorImpl@4d95a72e
10:54:31.069[main]TRACEio.netty.channel.nio.NioEventLoop-instrumented a special java.util.Set into: sun.nio.ch.WindowsSelectorImpl@28da7d11
10:54:31.072[main]TRACEio.netty.channel.nio.NioEventLoop-instrumented a special java.util.Set into: sun.nio.ch.WindowsSelectorImpl@77b919a3
10:54:31.075[main]TRACEio.netty.channel.nio.NioEventLoop-instrumented a special java.util.Set into: sun.nio.ch.WindowsSelectorImpl@5624657a
10:54:31.077[main]TRACEio.netty.channel.nio.NioEventLoop-instrumented a special java.util.Set into: sun.nio.ch.WindowsSelectorImpl@36681447
10:54:31.080[main]TRACEio.netty.channel.nio.NioEventLoop-instrumented a special java.util.Set into: sun.nio.ch.WindowsSelectorImpl@4d21c56e
10:54:31.189[main]DEBUGio.netty.buffer.PooledByteBufAllocator--Dio.netty.allocator.numHeapArenas: 8
10:54:31.189[main]DEBUGio.netty.buffer.PooledByteBufAllocator--Dio.netty.allocator.numDirectArenas: 8
10:54:31.189[main]DEBUGio.netty.buffer.PooledByteBufAllocator--Dio.netty.allocator.pageSize: 8192
10:54:31.189[main]DEBUGio.netty.buffer.PooledByteBufAllocator--Dio.netty.allocator.maxOrder: 9
10:54:31.189[main]DEBUGio.netty.buffer.PooledByteBufAllocator--Dio.netty.allocator.chunkSize: 4194304
10:54:31.189[main]DEBUGio.netty.buffer.PooledByteBufAllocator--Dio.netty.allocator.smallCacheSize: 256
10:54:31.190[main]DEBUGio.netty.buffer.PooledByteBufAllocator--Dio.netty.allocator.normalCacheSize: 64
10:54:31.190[main]DEBUGio.netty.buffer.PooledByteBufAllocator--Dio.netty.allocator.maxCachedBufferCapacity: 32768
10:54:31.190[main]DEBUGio.netty.buffer.PooledByteBufAllocator--Dio.netty.allocator.cacheTrimInterval: 8192
10:54:31.190[main]DEBUGio.netty.buffer.PooledByteBufAllocator--Dio.netty.allocator.cacheTrimIntervalMillis: 0
10:54:31.190[main]DEBUGio.netty.buffer.PooledByteBufAllocator--Dio.netty.allocator.useCacheForAllThreads: false
10:54:31.190[main]DEBUGio.netty.buffer.PooledByteBufAllocator--Dio.netty.allocator.maxCachedByteBuffersPerChunk: 1023
10:54:31.214[main]DEBUGio.netty.buffer.ByteBufUtil--Dio.netty.allocator.type: pooled
10:54:31.215[main]DEBUGio.netty.buffer.ByteBufUtil--Dio.netty.threadLocalDirectBufferSize: 0
10:54:31.215[main]DEBUGio.netty.buffer.ByteBufUtil--Dio.netty.maxThreadLocalCharBufferSize: 16384
10:54:32.682[Forwarding newSession on session null to remote]DEBUGio.netty.channel.DefaultChannelId--Dio.netty.processId: 553584 (auto-detected)
10:54:32.700[Forwarding newSession on session null to remote]DEBUGio.netty.util.NetUtil--Djava.net.preferIPv4Stack: false
10:54:32.700[Forwarding newSession on session null to remote]DEBUGio.netty.util.NetUtil--Djava.net.preferIPv6Addresses: false
10:54:32.976[Forwarding newSession on session null to remote]DEBUGio.netty.util.NetUtilInitializations-Loopback interface: lo (Software Loopback Interface 1, 127.0.0.1)
10:54:32.979[Forwarding newSession on session null to remote]DEBUGio.netty.util.NetUtil-Failed to get SOMAXCONN from sysctl and file \proc\sys\net\core\somaxconn. Default: 200
10:54:33.276[Forwarding newSession on session null to remote]DEBUGio.netty.channel.DefaultChannelId--Dio.netty.machineId: 60:d8:19:ff:fe:48:d7:8c (auto-detected)
10:54:33.492[AsyncHttpClient-1-2]DEBUGio.netty.buffer.AbstractByteBuf--Dio.netty.buffer.checkAccessible: true
10:54:33.493[AsyncHttpClient-1-2]DEBUGio.netty.buffer.AbstractByteBuf--Dio.netty.buffer.checkBounds: true
10:54:33.493[AsyncHttpClient-1-2]DEBUGio.netty.util.ResourceLeakDetectorFactory-Loaded default ResourceLeakDetector: io.netty.util.ResourceLeakDetector@60be856a
10:54:33.545[AsyncHttpClient-1-2]DEBUGio.netty.util.Recycler--Dio.netty.recycler.maxCapacityPerThread: 4096
10:54:33.546[AsyncHttpClient-1-2]DEBUGio.netty.util.Recycler--Dio.netty.recycler.ratio: 8
10:54:33.546[AsyncHttpClient-1-2]DEBUGio.netty.util.Recycler--Dio.netty.recycler.chunkSize: 32
10:54:33.546[AsyncHttpClient-1-2]DEBUGio.netty.util.Recycler--Dio.netty.recycler.blocking: false
10:55:17.858[AsyncHttpClient-1-2]DEBUGio.netty.handler.codec.compression.Brotli-brotli4j not in the classpath; Brotli support will be unavailable.
10:55:19.733[main]DEBUGio.netty.util.internal.ThreadLocalRandom--Dio.netty.initialSeedUniquifier: 0xef63aa331b4d0e6e
10:55:47.812[main]DEBUGorg.apache.poi.openxml4j.opc.PackageRelationshipCollection-Parsing relationship: /xl/_rels/workbook.xml.rels
10:55:47.819[main]DEBUGorg.apache.poi.openxml4j.opc.PackageRelationshipCollection-Parsing relationship: /xl/worksheets/_rels/sheet1.xml.rels
10:55:47.823[main]DEBUGorg.apache.poi.openxml4j.opc.PackageRelationshipCollection-Parsing relationship: /_rels/.rels
10:55:49.338[main]TRACEorg.apache.xmlbeans.impl.common.XBeanDebug-Loading type system org.apache.poi.schemas.ooxml.system.ooxml
10:55:49.352[main]TRACEorg.apache.xmlbeans.impl.common.XBeanDebug-Loading type system org.apache.xmlbeans.metadata.system.sXMLCONFIG
10:55:49.354[main]TRACEorg.apache.xmlbeans.impl.common.XBeanDebug-Loading type system org.apache.xmlbeans.metadata.system.sXMLLANG
10:55:49.356[main]TRACEorg.apache.xmlbeans.impl.common.XBeanDebug-Loading type system org.apache.xmlbeans.metadata.system.sXMLSCHEMA
10:55:49.376[main]TRACEorg.apache.xmlbeans.impl.common.XBeanDebug-Loading type system org.apache.xmlbeans.metadata.system.sXMLTOOLS
10:55:49.380[main]TRACEorg.apache.xmlbeans.impl.common.XBeanDebug-Reading unresolved handles for type system org.apache.xmlbeans.metadata.system.sXMLTOOLS
10:55:49.543[main]TRACEorg.apache.xmlbeans.impl.common.XBeanDebug-Finished loading type system org.apache.xmlbeans.metadata.system.sXMLTOOLS
10:55:49.544[main]TRACEorg.apache.xmlbeans.impl.common.XBeanDebug-Reading unresolved handles for type system org.apache.xmlbeans.metadata.system.sXMLSCHEMA
10:55:49.574[main]TRACEorg.apache.xmlbeans.impl.common.XBeanDebug-Finished loading type system org.apache.xmlbeans.metadata.system.sXMLSCHEMA
10:55:49.576[main]TRACEorg.apache.xmlbeans.impl.common.XBeanDebug-Reading unresolved handles for type system org.apache.xmlbeans.metadata.system.sXMLLANG
10:55:49.579[main]TRACEorg.apache.xmlbeans.impl.common.XBeanDebug-Finished loading type system org.apache.xmlbeans.metadata.system.sXMLLANG
10:55:49.583[main]TRACEorg.apache.xmlbeans.impl.common.XBeanDebug-Reading unresolved handles for type system org.apache.xmlbeans.metadata.system.sXMLCONFIG
10:55:49.588[main]TRACEorg.apache.xmlbeans.impl.common.XBeanDebug-Finished loading type system org.apache.xmlbeans.metadata.system.sXMLCONFIG
10:55:49.592[main]TRACEorg.apache.xmlbeans.impl.common.XBeanDebug-Reading unresolved handles for type system org.apache.poi.schemas.ooxml.system.ooxml
10:55:49.810[main]TRACEorg.apache.xmlbeans.impl.common.XBeanDebug-Finished loading type system org.apache.poi.schemas.ooxml.system.ooxml
10:55:49.812[main]TRACEorg.apache.xmlbeans.impl.common.XBeanDebug-Resolving type for handle themefd26doctype
10:55:50.277[main]TRACEorg.apache.xmlbeans.impl.common.XBeanDebug-Resolving type for handle stylesheet5d8bdoctype
10:55:50.329[main]TRACEorg.apache.xmlbeans.impl.common.XBeanDebug-Resolving type for handle ctstylesheet4257type
10:55:50.351[main]TRACEorg.apache.xmlbeans.impl.common.XBeanDebug-Resolving type for handle ctfonts6623type
10:55:50.368[main]TRACEorg.apache.xmlbeans.impl.common.XBeanDebug-Resolving type for handle ctfont14d8type
10:55:50.394[main]TRACEorg.apache.xmlbeans.impl.common.XBeanDebug-Resolving type for handle ctfills2c6ftype
10:55:50.411[main]TRACEorg.apache.xmlbeans.impl.common.XBeanDebug-Resolving type for handle ctfill550ctype
10:55:50.439[main]TRACEorg.apache.xmlbeans.impl.common.XBeanDebug-Resolving type for handle ctborders0d66type
10:55:50.446[main]TRACEorg.apache.xmlbeans.impl.common.XBeanDebug-Resolving type for handle ctborderf935type
10:55:50.483[main]TRACEorg.apache.xmlbeans.impl.common.XBeanDebug-Resolving type for handle ctcellxfs1322type
10:55:50.529[main]TRACEorg.apache.xmlbeans.impl.common.XBeanDebug-Resolving type for handle ctxf97f7type
10:55:50.542[main]TRACEorg.apache.xmlbeans.impl.common.XBeanDebug-Resolving type for handle ctcellstylexfsa81ftype
10:55:50.551[main]TRACEorg.apache.xmlbeans.impl.common.XBeanDebug-Resolving type for handle ctdxfsb26atype
10:55:50.569[main]TRACEorg.apache.xmlbeans.impl.common.XBeanDebug-Resolving type for handle cttablestyles872ftype
10:55:50.611[main]TRACEorg.apache.xmlbeans.impl.common.XBeanDebug-Resolving type for handle sstf81fdoctype
10:55:50.643[main]TRACEorg.apache.xmlbeans.impl.common.XBeanDebug-Resolving type for handle ctsst44f3type
10:55:50.765[main]TRACEorg.apache.xmlbeans.impl.common.XBeanDebug-Resolving type for handle ctrsta472type
10:55:50.841[main]TRACEorg.apache.xmlbeans.impl.common.XBeanDebug-Resolving type for handle workbookec17doctype
10:55:50.876[main]TRACEorg.apache.xmlbeans.impl.common.XBeanDebug-Resolving type for handle ctworkbook83c3type
10:55:50.917[main]TRACEorg.apache.xmlbeans.impl.common.XBeanDebug-Resolving type for handle ctsheets49fdtype
10:55:50.943[main]TRACEorg.apache.xmlbeans.impl.common.XBeanDebug-Resolving type for handle ctsheet4dbetype
10:55:50.987[main]TRACEorg.apache.xmlbeans.impl.common.XBeanDebug-Resolving type for handle strelationshipid1e94type
10:55:51.060[main]TRACEorg.apache.xmlbeans.impl.common.XBeanDebug-Resolving type for handle worksheetf539doctype
10:55:51.099[main]TRACEorg.apache.xmlbeans.impl.common.XBeanDebug-Resolving type for handle ctworksheet530dtype
10:55:51.133[main]TRACEorg.apache.xmlbeans.impl.common.XBeanDebug-Resolving type for handle ctsheetdata8408type
10:55:51.178[main]TRACEorg.apache.xmlbeans.impl.common.XBeanDebug-Resolving type for handle ctrowdd39type
10:55:51.237[main]TRACEorg.apache.xmlbeans.impl.common.XBeanDebug-Resolving type for handle ctcell842btype
10:55:51.328[main]TRACEorg.apache.xmlbeans.impl.common.XBeanDebug-Resolving type for handle stcellrefe4e0type
10:55:51.393[main]TRACEorg.apache.xmlbeans.impl.common.XBeanDebug-Resolving type for handle ctcols627ctype
