16:29:40.257[main]DEBUGio.netty.util.internal.PlatformDependent0-java.nio.DirectByteBuffer.<init>(long, int): unavailable
16:29:40.265[main]DEBUGio.netty.util.internal.PlatformDependent-sun.misc.Unsafe: available
16:29:40.266[main]DEBUGio.netty.util.internal.PlatformDependent-maxDirectMemory: 1061158912 bytes (maybe)
16:29:40.266[main]DEBUGio.netty.util.internal.PlatformDependent--Dio.netty.tmpdir: C:\Users\ADMIN\AppData\Local\Temp (java.io.tmpdir)
16:29:40.266[main]DEBUGio.netty.util.internal.PlatformDependent--Dio.netty.bitMode: 64 (sun.arch.data.model)
16:29:40.267[main]DEBUGio.netty.util.internal.PlatformDependent-Platform: Windows
16:29:40.268[main]DEBUGio.netty.util.internal.PlatformDependent--Dio.netty.maxDirectMemory: -1 bytes
16:29:40.269[main]DEBUGio.netty.util.internal.PlatformDependent--Dio.netty.uninitializedArrayAllocationThreshold: -1
16:29:40.271[main]DEBUGio.netty.util.internal.CleanerJava9-java.nio.ByteBuffer.cleaner(): available
16:29:40.271[main]DEBUGio.netty.util.internal.PlatformDependent--Dio.netty.noPreferDirect: false
16:29:40.282[main]DEBUGio.netty.util.internal.PlatformDependent-org.jctools-core.MpscChunkedArrayQueue: available
16:29:40.311[main]DEBUGio.netty.util.internal.InternalThreadLocalMap--Dio.netty.threadLocalMap.stringBuilder.initialSize: 1024
16:29:40.312[main]DEBUGio.netty.util.internal.InternalThreadLocalMap--Dio.netty.threadLocalMap.stringBuilder.maxSize: 4096
16:29:40.531[main]DEBUGio.netty.handler.ssl.JdkSslContext-Default protocols (JDK): [TLSv1.3, TLSv1.2] 
16:29:40.532[main]DEBUGio.netty.handler.ssl.JdkSslContext-Default cipher suites (JDK): [TLS_ECDHE_ECDSA_WITH_AES_256_GCM_SHA384, TLS_ECDHE_ECDSA_WITH_AES_128_GCM_SHA256, TLS_ECDHE_RSA_WITH_AES_128_GCM_SHA256, TLS_ECDHE_RSA_WITH_AES_256_GCM_SHA384, TLS_ECDHE_RSA_WITH_AES_128_CBC_SHA, TLS_ECDHE_RSA_WITH_AES_256_CBC_SHA, TLS_RSA_WITH_AES_128_GCM_SHA256, TLS_RSA_WITH_AES_128_CBC_SHA, TLS_RSA_WITH_AES_256_CBC_SHA, TLS_AES_128_GCM_SHA256, TLS_AES_256_GCM_SHA384]
16:29:40.611[main]DEBUGio.netty.channel.MultithreadEventLoopGroup--Dio.netty.eventLoopThreads: 8
16:29:40.657[main]DEBUGio.netty.channel.nio.NioEventLoop--Dio.netty.noKeySetOptimization: false
16:29:40.657[main]DEBUGio.netty.channel.nio.NioEventLoop--Dio.netty.selectorAutoRebuildThreshold: 512
16:29:40.704[main]TRACEio.netty.channel.nio.NioEventLoop-instrumented a special java.util.Set into: sun.nio.ch.WindowsSelectorImpl@6cff61fc
16:29:40.706[main]TRACEio.netty.channel.nio.NioEventLoop-instrumented a special java.util.Set into: sun.nio.ch.WindowsSelectorImpl@611a990b
16:29:40.708[main]TRACEio.netty.channel.nio.NioEventLoop-instrumented a special java.util.Set into: sun.nio.ch.WindowsSelectorImpl@7cbeac65
16:29:40.709[main]TRACEio.netty.channel.nio.NioEventLoop-instrumented a special java.util.Set into: sun.nio.ch.WindowsSelectorImpl@7fe82967
16:29:40.711[main]TRACEio.netty.channel.nio.NioEventLoop-instrumented a special java.util.Set into: sun.nio.ch.WindowsSelectorImpl@50850539
16:29:40.713[main]TRACEio.netty.channel.nio.NioEventLoop-instrumented a special java.util.Set into: sun.nio.ch.WindowsSelectorImpl@65e21ce3
16:29:40.715[main]TRACEio.netty.channel.nio.NioEventLoop-instrumented a special java.util.Set into: sun.nio.ch.WindowsSelectorImpl@6c3659be
16:29:40.716[main]TRACEio.netty.channel.nio.NioEventLoop-instrumented a special java.util.Set into: sun.nio.ch.WindowsSelectorImpl@522bf64e
16:29:40.761[main]DEBUGio.netty.buffer.PooledByteBufAllocator--Dio.netty.allocator.numHeapArenas: 8
16:29:40.761[main]DEBUGio.netty.buffer.PooledByteBufAllocator--Dio.netty.allocator.numDirectArenas: 8
16:29:40.761[main]DEBUGio.netty.buffer.PooledByteBufAllocator--Dio.netty.allocator.pageSize: 8192
16:29:40.761[main]DEBUGio.netty.buffer.PooledByteBufAllocator--Dio.netty.allocator.maxOrder: 9
16:29:40.762[main]DEBUGio.netty.buffer.PooledByteBufAllocator--Dio.netty.allocator.chunkSize: 4194304
16:29:40.762[main]DEBUGio.netty.buffer.PooledByteBufAllocator--Dio.netty.allocator.smallCacheSize: 256
16:29:40.762[main]DEBUGio.netty.buffer.PooledByteBufAllocator--Dio.netty.allocator.normalCacheSize: 64
16:29:40.762[main]DEBUGio.netty.buffer.PooledByteBufAllocator--Dio.netty.allocator.maxCachedBufferCapacity: 32768
16:29:40.762[main]DEBUGio.netty.buffer.PooledByteBufAllocator--Dio.netty.allocator.cacheTrimInterval: 8192
16:29:40.762[main]DEBUGio.netty.buffer.PooledByteBufAllocator--Dio.netty.allocator.cacheTrimIntervalMillis: 0
16:29:40.763[main]DEBUGio.netty.buffer.PooledByteBufAllocator--Dio.netty.allocator.useCacheForAllThreads: false
16:29:40.763[main]DEBUGio.netty.buffer.PooledByteBufAllocator--Dio.netty.allocator.maxCachedByteBuffersPerChunk: 1023
16:29:40.786[main]DEBUGio.netty.buffer.ByteBufUtil--Dio.netty.allocator.type: pooled
16:29:40.786[main]DEBUGio.netty.buffer.ByteBufUtil--Dio.netty.threadLocalDirectBufferSize: 0
16:29:40.787[main]DEBUGio.netty.buffer.ByteBufUtil--Dio.netty.maxThreadLocalCharBufferSize: 16384
16:29:42.161[Forwarding newSession on session null to remote]DEBUGio.netty.channel.DefaultChannelId--Dio.netty.processId: 69256 (auto-detected)
16:29:42.167[Forwarding newSession on session null to remote]DEBUGio.netty.util.NetUtil--Djava.net.preferIPv4Stack: false
16:29:42.168[Forwarding newSession on session null to remote]DEBUGio.netty.util.NetUtil--Djava.net.preferIPv6Addresses: false
16:29:42.517[Forwarding newSession on session null to remote]DEBUGio.netty.util.NetUtilInitializations-Loopback interface: lo (Software Loopback Interface 1, 127.0.0.1)
16:29:42.519[Forwarding newSession on session null to remote]DEBUGio.netty.util.NetUtil-Failed to get SOMAXCONN from sysctl and file \proc\sys\net\core\somaxconn. Default: 200
16:29:42.761[Forwarding newSession on session null to remote]DEBUGio.netty.channel.DefaultChannelId--Dio.netty.machineId: 60:d8:19:ff:fe:48:d7:8c (auto-detected)
16:29:42.912[AsyncHttpClient-1-2]DEBUGio.netty.buffer.AbstractByteBuf--Dio.netty.buffer.checkAccessible: true
16:29:42.913[AsyncHttpClient-1-2]DEBUGio.netty.buffer.AbstractByteBuf--Dio.netty.buffer.checkBounds: true
16:29:42.913[AsyncHttpClient-1-2]DEBUGio.netty.util.ResourceLeakDetectorFactory-Loaded default ResourceLeakDetector: io.netty.util.ResourceLeakDetector@1e9ee4da
16:29:42.959[AsyncHttpClient-1-2]DEBUGio.netty.util.Recycler--Dio.netty.recycler.maxCapacityPerThread: 4096
16:29:42.959[AsyncHttpClient-1-2]DEBUGio.netty.util.Recycler--Dio.netty.recycler.ratio: 8
16:29:42.960[AsyncHttpClient-1-2]DEBUGio.netty.util.Recycler--Dio.netty.recycler.chunkSize: 32
16:29:42.960[AsyncHttpClient-1-2]DEBUGio.netty.util.Recycler--Dio.netty.recycler.blocking: false
16:29:46.190[AsyncHttpClient-1-2]DEBUGio.netty.handler.codec.compression.Brotli-brotli4j not in the classpath; Brotli support will be unavailable.
16:29:47.005[main]DEBUGio.netty.util.internal.ThreadLocalRandom--Dio.netty.initialSeedUniquifier: 0x1da5e319606eb6a0
16:29:52.364[main]DEBUGorg.apache.poi.openxml4j.opc.PackageRelationshipCollection-Parsing relationship: /xl/_rels/workbook.xml.rels
16:29:52.371[main]DEBUGorg.apache.poi.openxml4j.opc.PackageRelationshipCollection-Parsing relationship: /xl/worksheets/_rels/sheet1.xml.rels
16:29:52.373[main]DEBUGorg.apache.poi.openxml4j.opc.PackageRelationshipCollection-Parsing relationship: /_rels/.rels
16:29:53.316[main]TRACEorg.apache.xmlbeans.impl.common.XBeanDebug-Loading type system org.apache.poi.schemas.ooxml.system.ooxml
16:29:53.324[main]TRACEorg.apache.xmlbeans.impl.common.XBeanDebug-Loading type system org.apache.xmlbeans.metadata.system.sXMLCONFIG
16:29:53.327[main]TRACEorg.apache.xmlbeans.impl.common.XBeanDebug-Loading type system org.apache.xmlbeans.metadata.system.sXMLLANG
16:29:53.329[main]TRACEorg.apache.xmlbeans.impl.common.XBeanDebug-Loading type system org.apache.xmlbeans.metadata.system.sXMLSCHEMA
16:29:53.331[main]TRACEorg.apache.xmlbeans.impl.common.XBeanDebug-Loading type system org.apache.xmlbeans.metadata.system.sXMLTOOLS
16:29:53.334[main]TRACEorg.apache.xmlbeans.impl.common.XBeanDebug-Reading unresolved handles for type system org.apache.xmlbeans.metadata.system.sXMLTOOLS
16:29:53.362[main]TRACEorg.apache.xmlbeans.impl.common.XBeanDebug-Finished loading type system org.apache.xmlbeans.metadata.system.sXMLTOOLS
16:29:53.363[main]TRACEorg.apache.xmlbeans.impl.common.XBeanDebug-Reading unresolved handles for type system org.apache.xmlbeans.metadata.system.sXMLSCHEMA
16:29:53.375[main]TRACEorg.apache.xmlbeans.impl.common.XBeanDebug-Finished loading type system org.apache.xmlbeans.metadata.system.sXMLSCHEMA
16:29:53.376[main]TRACEorg.apache.xmlbeans.impl.common.XBeanDebug-Reading unresolved handles for type system org.apache.xmlbeans.metadata.system.sXMLLANG
16:29:53.378[main]TRACEorg.apache.xmlbeans.impl.common.XBeanDebug-Finished loading type system org.apache.xmlbeans.metadata.system.sXMLLANG
16:29:53.379[main]TRACEorg.apache.xmlbeans.impl.common.XBeanDebug-Reading unresolved handles for type system org.apache.xmlbeans.metadata.system.sXMLCONFIG
16:29:53.381[main]TRACEorg.apache.xmlbeans.impl.common.XBeanDebug-Finished loading type system org.apache.xmlbeans.metadata.system.sXMLCONFIG
16:29:53.383[main]TRACEorg.apache.xmlbeans.impl.common.XBeanDebug-Reading unresolved handles for type system org.apache.poi.schemas.ooxml.system.ooxml
16:29:53.580[main]TRACEorg.apache.xmlbeans.impl.common.XBeanDebug-Finished loading type system org.apache.poi.schemas.ooxml.system.ooxml
16:29:53.582[main]TRACEorg.apache.xmlbeans.impl.common.XBeanDebug-Resolving type for handle themefd26doctype
16:29:53.762[main]TRACEorg.apache.xmlbeans.impl.common.XBeanDebug-Resolving type for handle stylesheet5d8bdoctype
16:29:53.798[main]TRACEorg.apache.xmlbeans.impl.common.XBeanDebug-Resolving type for handle ctstylesheet4257type
16:29:53.827[main]TRACEorg.apache.xmlbeans.impl.common.XBeanDebug-Resolving type for handle ctfonts6623type
16:29:53.836[main]TRACEorg.apache.xmlbeans.impl.common.XBeanDebug-Resolving type for handle ctfont14d8type
